<?xml version="1.0" encoding="UTF-8"?>
<!-- Generated by org.testng.reporters.JUnitReportReporter -->
<testsuite hostname="PranilP-lpt" failures="0" tests="1" name="com.PerfAccel.tests.LoginTest" time="21.458" errors="0" timestamp="2025-08-06T19:09:03 IST" skipped="0">
  <testcase classname="com.PerfAccel.tests.LoginTest" name="Login" time="21.458"/>
</testsuite> <!-- com.PerfAccel.tests.LoginTest -->
