<?xml version="1.0" encoding="UTF-8"?>
<!-- Generated by org.testng.reporters.JUnitReportReporter -->
<testsuite hostname="PranilP-lpt" failures="0" tests="1" name="com.PerfAccel.tests.KRATemplateTests" time="0.021" errors="0" timestamp="2025-08-07T10:13:57 IST" skipped="0">
  <testcase classname="com.PerfAccel.tests.KRATemplateTests" name="KRATemplateDropdownTest" time="0.021"/>
</testsuite> <!-- com.PerfAccel.tests.KRATemplateTests -->
