<?xml version="1.0" encoding="UTF-8"?>
<!-- Generated by org.testng.reporters.JUnitReportReporter -->
<testsuite hostname="PranilP-lpt" failures="0" tests="1" name="com.PerfAccel.SManager.tests.SM_SkillApprovalTest" time="50.718" errors="0" timestamp="2025-08-20T19:08:05 IST" skipped="0">
  <testcase classname="com.PerfAccel.SManager.tests.SM_SkillApprovalTest" name="SMSkillApprovalTest" time="50.718"/>
</testsuite> <!-- com.PerfAccel.SManager.tests.SM_SkillApprovalTest -->
