<?xml version="1.0" encoding="UTF-8"?>
<!-- Generated by org.testng.reporters.JUnitReportReporter -->
<testsuite hostname="PranilP-lpt" failures="0" tests="2" name="com.PerfAccel.tests.SettingTests" time="107.275" errors="0" timestamp="2025-08-07T19:29:00 IST" skipped="0">
  <testcase classname="com.PerfAccel.tests.SettingTests" name="SettingRolesTest" time="53.244"/>
  <testcase classname="com.PerfAccel.tests.SettingTests" name="EnterSettingTest" time="54.031"/>
</testsuite> <!-- com.PerfAccel.tests.SettingTests -->
