<?xml version="1.0" encoding="UTF-8"?>
<!-- Generated by org.testng.reporters.JUnitReportReporter -->
<testsuite hostname="PranilP-lpt" failures="0" tests="1" name="com.PerfAccel.SManager.tests.SM_KRAsApprovalTest" time="54.711" errors="0" timestamp="2025-08-21T15:14:46 IST" skipped="0">
  <testcase classname="com.PerfAccel.SManager.tests.SM_KRAsApprovalTest" name="KRAQuarterDropdownTest" time="54.711"/>
</testsuite> <!-- com.PerfAccel.SManager.tests.SM_KRAsApprovalTest -->
