<?xml version="1.0" encoding="UTF-8"?>
<!-- Generated by org.testng.reporters.JUnitReportReporter -->
<testsuite hostname="PranilP-lpt" failures="0" tests="1" name="com.PerfAccel.Manager.tests.M_LoginTest" time="31.733" errors="0" timestamp="2025-08-18T13:16:52 IST" skipped="0">
  <testcase classname="com.PerfAccel.Manager.tests.M_LoginTest" name="Login" time="31.733"/>
</testsuite> <!-- com.PerfAccel.Manager.tests.M_LoginTest -->
