<?xml version="1.0" encoding="UTF-8"?>
<!-- Generated by org.testng.reporters.JUnitReportReporter -->
<testsuite hostname="PranilP-lpt" failures="0" tests="1" name="com.PerfAccel.Manager.tests.M_LoginLogoutTest" time="30.317" errors="0" timestamp="2025-08-18T15:47:59 IST" skipped="0">
  <testcase classname="com.PerfAccel.Manager.tests.M_LoginLogoutTest" name="M_LogoutTest" time="30.317"/>
</testsuite> <!-- com.PerfAccel.Manager.tests.M_LoginLogoutTest -->
