<?xml version="1.0" encoding="UTF-8"?>
<!-- Generated by org.testng.reporters.JUnitReportReporter -->
<testsuite hostname="PranilP-lpt" failures="0" tests="1" name="com.PerfAccel.SManager.tests.SM_LoginTest" time="29.680" errors="0" timestamp="2025-08-20T17:47:56 IST" skipped="0">
  <testcase classname="com.PerfAccel.SManager.tests.SM_LoginTest" name="Login" time="29.680"/>
</testsuite> <!-- com.PerfAccel.SManager.tests.SM_LoginTest -->
