<?xml version="1.0" encoding="UTF-8"?>
<!-- Generated by org.testng.reporters.JUnitReportReporter -->
<testsuite hostname="PranilP-lpt" failures="0" tests="1" name="com.PerfAccel.Manager.tests.M_SelfEvaluationTest" time="43.452" errors="0" timestamp="2025-08-18T16:52:14 IST" skipped="0">
  <testcase classname="com.PerfAccel.Manager.tests.M_SelfEvaluationTest" name="M_SelfEvaluationTest" time="43.452"/>
</testsuite> <!-- com.PerfAccel.Manager.tests.M_SelfEvaluationTest -->
