<?xml version="1.0" encoding="UTF-8"?>
<!-- Generated by org.testng.reporters.JUnitReportReporter -->
<testsuite hostname="PranilP-lpt" failures="0" tests="1" name="com.PerfAccel.tests.AssignNewRoleTest" time="48.605" errors="0" timestamp="2025-08-06T19:25:48 IST" skipped="0">
  <testcase classname="com.PerfAccel.tests.AssignNewRoleTest" name="AssignRoleTest" time="48.605"/>
</testsuite> <!-- com.PerfAccel.tests.AssignNewRoleTest -->
