<?xml version="1.0" encoding="UTF-8"?>
<!-- Generated by org.testng.reporters.JUnitReportReporter -->
<testsuite hostname="PranilP-lpt" failures="0" tests="5" name="com.PerfAccel.tests.SkillsTests" time="35.765" errors="0" timestamp="2025-08-14T13:23:01 IST" skipped="4">
  <testcase classname="com.PerfAccel.tests.SkillsTests" name="AddNewSkillTest" time="35.765"/>
  <testcase classname="com.PerfAccel.tests.SkillsTests" name="AddSkillCategoryTest">
    <skipped/>
  </testcase> <!-- AddSkillCategoryTest -->
  <testcase classname="com.PerfAccel.tests.SkillsTests" name="SkillDropdownsTest">
    <skipped/>
  </testcase> <!-- SkillDropdownsTest -->
  <testcase classname="com.PerfAccel.tests.SkillsTests" name="DeleteCategoryTest">
    <skipped/>
  </testcase> <!-- DeleteCategoryTest -->
  <testcase classname="com.PerfAccel.tests.SkillsTests" name="SkillSearchTest">
    <skipped/>
  </testcase> <!-- SkillSearchTest -->
</testsuite> <!-- com.PerfAccel.tests.SkillsTests -->
