<?xml version="1.0" encoding="UTF-8"?>
<!-- Generated by org.testng.reporters.JUnitReportReporter -->
<testsuite hostname="PranilP-lpt" failures="0" tests="1" name="com.PerfAccel.Manager.tests.M_SkillApprovalTest" time="38.446" errors="0" timestamp="2025-08-19T18:39:48 IST" skipped="0">
  <testcase classname="com.PerfAccel.Manager.tests.M_SkillApprovalTest" name="SkillApprovalTest" time="38.446"/>
</testsuite> <!-- com.PerfAccel.Manager.tests.M_SkillApprovalTest -->
