<?xml version="1.0" encoding="UTF-8"?>
<!-- Generated by org.testng.reporters.JUnitReportReporter -->
<testsuite hostname="PranilP-lpt" failures="0" tests="1" name="com.PerfAccel.tests.ReportTests" time="36.762" errors="0" timestamp="2025-08-14T14:46:17 IST" skipped="0">
  <testcase classname="com.PerfAccel.tests.ReportTests" name="FunctionAndRoleDropdownTest" time="36.762"/>
</testsuite> <!-- com.PerfAccel.tests.ReportTests -->
