<?xml version="1.0" encoding="UTF-8"?>
<!-- Generated by org.testng.reporters.JUnitReportReporter -->
<testsuite hostname="PranilP-lpt" failures="0" tests="1" name="com.PerfAccel.SManager.tests.SM_SelfEvaluationTest" time="44.558" errors="0" timestamp="2025-08-20T18:08:51 IST" skipped="0">
  <testcase classname="com.PerfAccel.SManager.tests.SM_SelfEvaluationTest" name="SMSelfEvaluationTest" time="44.558"/>
</testsuite> <!-- com.PerfAccel.SManager.tests.SM_SelfEvaluationTest -->
