<?xml version="1.0" encoding="UTF-8"?>
<!-- Generated by org.testng.reporters.JUnitReportReporter -->
<testsuite hostname="PranilP-lpt" failures="0" tests="1" name="com.PerfAccel.SManager.tests.KRAReleaseAndEvaluateTest" time="51.647" errors="0" timestamp="2025-08-25T16:10:10 IST" skipped="0">
  <testcase classname="com.PerfAccel.SManager.tests.KRAReleaseAndEvaluateTest" name="KRAFlow" time="51.647"/>
</testsuite> <!-- com.PerfAccel.SManager.tests.KRAReleaseAndEvaluateTest -->
