<?xml version="1.0" encoding="UTF-8"?>
<!-- Generated by org.testng.reporters.JUnitReportReporter -->
<testsuite hostname="PranilP-lpt" failures="0" tests="1" name="com.PerfAccel.SManager.tests.SM_LoginLogoutTest" time="30.059" errors="0" timestamp="2025-08-20T18:02:44 IST" skipped="0">
  <testcase classname="com.PerfAccel.SManager.tests.SM_LoginLogoutTest" name="SM_LogoutTest" time="30.059"/>
</testsuite> <!-- com.PerfAccel.SManager.tests.SM_LoginLogoutTest -->
