<?xml version="1.0" encoding="UTF-8"?>
<!-- Generated by org.testng.reporters.JUnitReportReporter -->
<testsuite hostname="PranilP-lpt" failures="0" tests="1" name="com.PerfAccel.SManager.tests.SM_MyTeamTest" time="35.310" errors="0" timestamp="2025-08-25T09:18:02 IST" skipped="0">
  <testcase classname="com.PerfAccel.SManager.tests.SM_MyTeamTest" name="ValidateQuarterDropdownTest" time="35.310"/>
</testsuite> <!-- com.PerfAccel.SManager.tests.SM_MyTeamTest -->
