<?xml version="1.0" encoding="UTF-8"?>
<!-- Generated by org.testng.reporters.JUnitReportReporter -->
<testsuite hostname="PranilP-lpt" failures="0" tests="5" name="com.PerfAccel.tests.KRATemplateTests" time="76.404" errors="0" timestamp="2025-08-08T09:30:54 IST" skipped="4">
  <testcase classname="com.PerfAccel.tests.KRATemplateTests" name="ViewTemplate_And_AddRolesAndKRAsTest" time="76.404"/>
  <testcase classname="com.PerfAccel.tests.KRATemplateTests" name="DeleteKRATemplateTest">
    <skipped/>
  </testcase> <!-- DeleteKRATemplateTest -->
  <testcase classname="com.PerfAccel.tests.KRATemplateTests" name="CreateTemplateTest">
    <skipped/>
  </testcase> <!-- CreateTemplateTest -->
  <testcase classname="com.PerfAccel.tests.KRATemplateTests" name="KRATemplateDropdownTest">
    <skipped/>
  </testcase> <!-- KRATemplateDropdownTest -->
  <testcase classname="com.PerfAccel.tests.KRATemplateTests" name="EditKRATemplateTest">
    <skipped/>
  </testcase> <!-- EditKRATemplateTest -->
</testsuite> <!-- com.PerfAccel.tests.KRATemplateTests -->
