<?xml version="1.0" encoding="UTF-8"?>
<!-- Generated by org.testng.reporters.JUnitReportReporter -->
<testsuite hostname="PranilP-lpt" failures="0" tests="1" name="com.PerfAccel.tests.LoginLogoutTest" time="33.514" errors="0" timestamp="2025-08-18T14:08:54 IST" skipped="0">
  <testcase classname="com.PerfAccel.tests.LoginLogoutTest" name="LogoutTest" time="33.514"/>
</testsuite> <!-- com.PerfAccel.tests.LoginLogoutTest -->
