<?xml version="1.0" encoding="UTF-8"?>
<!-- Generated by org.testng.reporters.JUnitReportReporter -->
<testsuite hostname="PranilP-lpt" failures="0" tests="1" name="com.PerfAccel.tests.LoginTest" time="32.712" errors="0" timestamp="2025-08-18T13:13:24 IST" skipped="0">
  <testcase classname="com.PerfAccel.tests.LoginTest" name="Login" time="32.712"/>
</testsuite> <!-- com.PerfAccel.tests.LoginTest -->
