<?xml version="1.0" encoding="UTF-8"?>
<!-- Generated by org.testng.reporters.JUnitReportReporter -->
<testsuite hostname="PranilP-lpt" failures="0" tests="4" name="com.PerfAccel.tests.KRATests" time="95.365" errors="0" timestamp="2025-08-06T20:33:17 IST" skipped="2">
  <testcase classname="com.PerfAccel.tests.KRATests" name="ValidateKRADropdownsTest" time="39.629"/>
  <testcase classname="com.PerfAccel.tests.KRATests" name="DeleteKRATest" time="55.736"/>
  <testcase classname="com.PerfAccel.tests.KRATests" name="AddNewKRATest">
    <skipped/>
  </testcase> <!-- AddNewKRATest -->
  <testcase classname="com.PerfAccel.tests.KRATests" name="AddAndUpdateKRATest">
    <skipped/>
  </testcase> <!-- AddAndUpdateKRATest -->
</testsuite> <!-- com.PerfAccel.tests.KRATests -->
